{
  "stats": {
    "suites": 1,
    "tests": 1,
    "passes": 0,
    "pending": 0,
    "failures": 1,
    "start": "2024-09-08T11:48:26.239Z",
    "end": "2024-09-08T11:48:31.229Z",
    "duration": 4990,
    "testsRegistered": 1,
    "passPercent": 0,
    "pendingPercent": 0,
    "other": 0,
    "hasOther": false,
    "skipped": 0,
    "hasSkipped": false
  },
  "results": [
    {
      "uuid": "52cfae9f-fc81-42a1-8fd7-48917f3c12fb",
      "title": "",
      "fullFile": "cypress\\e2e\\testScenarios\\createSpace\\createSpace.cy.js",
      "file": "cypress\\e2e\\testScenarios\\createSpace\\createSpace.cy.js",
      "beforeHooks": [],
      "afterHooks": [],
      "tests": [],
      "suites": [
        {
          "uuid": "559e437c-306e-49f6-8b33-81f1c1772dd2",
          "title": "Validate Create Space Functionality",
          "fullFile": "",
          "file": "",
          "beforeHooks": [],
          "afterHooks": [],
          "tests": [
            {
              "title": "Create Space via API and Validate in Web Application",
              "fullTitle": "Validate Create Space Functionality Create Space via API and Validate in Web Application",
              "timedOut": null,
              "duration": 678,
              "state": "failed",
              "speed": null,
              "pass": false,
              "fail": true,
              "pending": false,
              "context": null,
              "code": "// Use the workspaceId from the before hook\ncy.wrap(workspaceId).should('exist'); // Ensure workspaceId is available\n// Step 1: Create Space via API\ncy.createSpace(workspaceId, token).then(response => {\n  expect(response.status).to.eq(200);\n  // Fetch Space ID and Space Name from the API\n  cy.getSpaceId(workspaceId).then(result => {\n    spaceId = result.id;\n    spaceName = result.name;\n    cy.log('Space ID:', spaceId);\n    cy.log('Space Name:', spaceName);\n    // Step 2: Login to Web Application and Validate Space\n    cy.visit('https://app.clickup.com/');\n    cy.get('input[id=\"login-email-input\"]').type('creationsvski@gmail.com');\n    cy.get('input[id=\"login-password-input\"]').type('Example1978');\n    cy.get('button[class=\"login-page-new__main-form-button\"]').click();\n    // Validate the URL contains the spaceId\n    cy.url({\n      timeout: 35000\n    }).should('include', spaceId);\n  });\n});",
              "err": {
                "message": "CypressError: `cy.request()` failed on:\n\nhttps://api.clickup.com/api/v2/team/9012234923/space\n\nThe response we received from your web server was:\n\n  > 400: Bad Request\n\nThis was considered a failure because the status code was not `2xx` or `3xx`.\n\nIf you do not want status codes to cause failures pass the option: `failOnStatusCode: false`\n\n-----------------------------------------------------------\n\nThe request we sent was:\n\nMethod: POST\nURL: https://api.clickup.com/api/v2/team/9012234923/space\nHeaders: {\n  \"Connection\": \"keep-alive\",\n  \"Authorization\": \"pk_80504027_MSHZHZ3SB8SJMVVZLJ196QAF42CJCQPL\",\n  \"Content-Type\": \"application/json\",\n  \"user-agent\": \"Mozilla/5.0 (Windows NT 10.0; Win64; x64) AppleWebKit/537.36 (KHTML, like Gecko) HeadlessChrome/128.0.0.0 Safari/537.36\",\n  \"accept\": \"*/*\",\n  \"accept-encoding\": \"gzip, deflate\",\n  \"content-length\": 415\n}\nBody: {\"name\":\"gdd\",\"multiple_assignees\":true,\"features\":{\"due_dates\":{\"enabled\":true,\"start_date\":false,\"remap_due_dates\":true,\"remap_closed_due_date\":false},\"time_tracking\":{\"enabled\":false},\"tags\":{\"enabled\":true},\"time_estimates\":{\"enabled\":true},\"checklists\":{\"enabled\":true},\"custom_fields\":{\"enabled\":true},\"remap_dependencies\":{\"enabled\":true},\"dependency_warning\":{\"enabled\":true},\"portfolios\":{\"enabled\":true}}}\n\n-----------------------------------------------------------\n\nThe response we got was:\n\nStatus: 400 - Bad Request\nHeaders: {\n  \"date\": \"Sun, 08 Sep 2024 11:49:20 GMT\",\n  \"content-type\": \"application/json; charset=utf-8\",\n  \"content-length\": \"67\",\n  \"connection\": \"keep-alive\",\n  \"server\": \"nginx\",\n  \"x-dns-prefetch-control\": \"off\",\n  \"expect-ct\": \"max-age=0\",\n  \"strict-transport-security\": \"max-age=31536000; includeSubDomains\",\n  \"x-download-options\": \"noopen\",\n  \"x-content-type-options\": \"nosniff\",\n  \"x-permitted-cross-domain-policies\": \"none\",\n  \"x-xss-protection\": \"0\",\n  \"access-control-allow-origin\": \"*\",\n  \"access-control-allow-credentials\": \"true\",\n  \"content-language\": \"en-US\",\n  \"x-datadog-trace-id\": \"4915455945186564319\",\n  \"content-security-policy\": \"frame-ancestors 'self'\",\n  \"cache-control\": \"no-cache, no-store\",\n  \"pragma\": \"no-cache\",\n  \"expires\": \"0\",\n  \"x-ratelimit-limit\": \"100\",\n  \"x-ratelimit-remaining\": \"97\",\n  \"x-ratelimit-reset\": \"1725796217\",\n  \"timing-allow-origin\": \"*\",\n  \"x-received-from\": \"shard-prod-eu-west-1-2\"\n}\nBody: {\n  \"err\": \"Space with this name already exists\",\n  \"ECODE\": \"PROJECT_023\"\n}\n\n\nhttps://on.cypress.io/request",
                "estack": "CypressError: `cy.request()` failed on:\n\nhttps://api.clickup.com/api/v2/team/9012234923/space\n\nThe response we received from your web server was:\n\n  > 400: Bad Request\n\nThis was considered a failure because the status code was not `2xx` or `3xx`.\n\nIf you do not want status codes to cause failures pass the option: `failOnStatusCode: false`\n\n-----------------------------------------------------------\n\nThe request we sent was:\n\nMethod: POST\nURL: https://api.clickup.com/api/v2/team/9012234923/space\nHeaders: {\n  \"Connection\": \"keep-alive\",\n  \"Authorization\": \"pk_80504027_MSHZHZ3SB8SJMVVZLJ196QAF42CJCQPL\",\n  \"Content-Type\": \"application/json\",\n  \"user-agent\": \"Mozilla/5.0 (Windows NT 10.0; Win64; x64) AppleWebKit/537.36 (KHTML, like Gecko) HeadlessChrome/128.0.0.0 Safari/537.36\",\n  \"accept\": \"*/*\",\n  \"accept-encoding\": \"gzip, deflate\",\n  \"content-length\": 415\n}\nBody: {\"name\":\"gdd\",\"multiple_assignees\":true,\"features\":{\"due_dates\":{\"enabled\":true,\"start_date\":false,\"remap_due_dates\":true,\"remap_closed_due_date\":false},\"time_tracking\":{\"enabled\":false},\"tags\":{\"enabled\":true},\"time_estimates\":{\"enabled\":true},\"checklists\":{\"enabled\":true},\"custom_fields\":{\"enabled\":true},\"remap_dependencies\":{\"enabled\":true},\"dependency_warning\":{\"enabled\":true},\"portfolios\":{\"enabled\":true}}}\n\n-----------------------------------------------------------\n\nThe response we got was:\n\nStatus: 400 - Bad Request\nHeaders: {\n  \"date\": \"Sun, 08 Sep 2024 11:49:20 GMT\",\n  \"content-type\": \"application/json; charset=utf-8\",\n  \"content-length\": \"67\",\n  \"connection\": \"keep-alive\",\n  \"server\": \"nginx\",\n  \"x-dns-prefetch-control\": \"off\",\n  \"expect-ct\": \"max-age=0\",\n  \"strict-transport-security\": \"max-age=31536000; includeSubDomains\",\n  \"x-download-options\": \"noopen\",\n  \"x-content-type-options\": \"nosniff\",\n  \"x-permitted-cross-domain-policies\": \"none\",\n  \"x-xss-protection\": \"0\",\n  \"access-control-allow-origin\": \"*\",\n  \"access-control-allow-credentials\": \"true\",\n  \"content-language\": \"en-US\",\n  \"x-datadog-trace-id\": \"4915455945186564319\",\n  \"content-security-policy\": \"frame-ancestors 'self'\",\n  \"cache-control\": \"no-cache, no-store\",\n  \"pragma\": \"no-cache\",\n  \"expires\": \"0\",\n  \"x-ratelimit-limit\": \"100\",\n  \"x-ratelimit-remaining\": \"97\",\n  \"x-ratelimit-reset\": \"1725796217\",\n  \"timing-allow-origin\": \"*\",\n  \"x-received-from\": \"shard-prod-eu-west-1-2\"\n}\nBody: {\n  \"err\": \"Space with this name already exists\",\n  \"ECODE\": \"PROJECT_023\"\n}\n\n\nhttps://on.cypress.io/request\n    at <unknown> (https://app.clickup.com/__cypress/runner/cypress_runner.js:133224:72)\n    at tryCatcher (https://app.clickup.com/__cypress/runner/cypress_runner.js:1807:23)\n    at Promise._settlePromiseFromHandler (https://app.clickup.com/__cypress/runner/cypress_runner.js:1519:31)\n    at Promise._settlePromise (https://app.clickup.com/__cypress/runner/cypress_runner.js:1576:18)\n    at Promise._settlePromise0 (https://app.clickup.com/__cypress/runner/cypress_runner.js:1621:10)\n    at Promise._settlePromises (https://app.clickup.com/__cypress/runner/cypress_runner.js:1701:18)\n    at _drainQueueStep (https://app.clickup.com/__cypress/runner/cypress_runner.js:2407:12)\n    at _drainQueue (https://app.clickup.com/__cypress/runner/cypress_runner.js:2400:9)\n    at Async._drainQueues (https://app.clickup.com/__cypress/runner/cypress_runner.js:2416:5)\n    at Async.drainQueues (https://app.clickup.com/__cypress/runner/cypress_runner.js:2286:14)\nFrom Your Spec Code:\n    at Context.eval (webpack://lodgifychallenge/./cypress/support/commands.js:13:7)",
                "diff": null
              },
              "uuid": "9afdd0fc-ac0f-440b-903b-34c5d3fa3c13",
              "parentUUID": "559e437c-306e-49f6-8b33-81f1c1772dd2",
              "isHook": false,
              "skipped": false
            }
          ],
          "suites": [],
          "passes": [],
          "failures": [
            "9afdd0fc-ac0f-440b-903b-34c5d3fa3c13"
          ],
          "pending": [],
          "skipped": [],
          "duration": 678,
          "root": false,
          "rootEmpty": false,
          "_timeout": 2000
        }
      ],
      "passes": [],
      "failures": [],
      "pending": [],
      "skipped": [],
      "duration": 0,
      "root": true,
      "rootEmpty": true,
      "_timeout": 2000
    }
  ],
  "meta": {
    "mocha": {
      "version": "7.0.1"
    },
    "mochawesome": {
      "options": {
        "quiet": false,
        "reportFilename": "mochawesome",
        "saveHtml": true,
        "saveJson": true,
        "consoleReporter": "spec",
        "useInlineDiffs": false,
        "code": true
      },
      "version": "7.1.3"
    },
    "marge": {
      "options": {
        "reportDir": "cypress/reports/mochawesome",
        "overwrite": true,
        "html": true,
        "json": true
      },
      "version": "6.2.0"
    }
  }
}